<?xml version="1.0" encoding="UTF-8"?>
<testsuite xmlns:xsi="http://www.w3.org/2001/XMLSchema-instance" xsi:noNamespaceSchemaLocation="https://maven.apache.org/surefire/maven-surefire-plugin/xsd/surefire-test-report-3.0.xsd" version="3.0" name="com.coen448.RegressionTest" time="0.119" tests="12" errors="0" skipped="0" failures="0">
  <properties>
[...]
</properties>
  <testcase name="testCase1" classname="com.coen448.RegressionTest" time="0.06">
    <system-out><![CDATA[&amp#27;[35m (9) &amp#27;[0m -  -  -  -  -  -  -  -  -  - 
&amp#27;[35m (8) &amp#27;[0m -  -  *  *  *  *  *  *  *  - 
&amp#27;[35m (7) &amp#27;[0m -  -  *  -  -  -  -  -  *  - 
&amp#27;[35m (6) &amp#27;[0m -  -  *  -  -  -  -  -  *  - 
&amp#27;[35m (5) &amp#27;[0m -  -  *  -  -  -  -  -  *  - 
&amp#27;[35m (4) &amp#27;[0m *  *  *  *  *  *  *  *  *  - 
&amp#27;[35m (3) &amp#27;[0m -  -  *  -  -  -  -  -  -  - 
&amp#27;[35m (2) &amp#27;[0m -  -  *  -  -  -  -  -  -  - 
&amp#27;[35m (1) &amp#27;[0m -  *  *  -  -  -  -  -  -  - 
&amp#27;[35m (0) &amp#27;[0m -  -  -  -  -  -  -  -  -  - 
     &amp#27;[35m(0)&amp#27;[0m&amp#27;[35m(1)&amp#27;[0m&amp#27;[35m(2)&amp#27;[0m&amp#27;[35m(3)&amp#27;[0m&amp#27;[35m(4)&amp#27;[0m&amp#27;[35m(5)&amp#27;[0m&amp#27;[35m(6)&amp#27;[0m&amp#27;[35m(7)&amp#27;[0m&amp#27;[35m(8)&amp#27;[0m&amp#27;[35m(9)&amp#27;[0m
Position: 1, 1 - Pen: Down - Facing: WEST
]]></system-out>
  </testcase>
  <testcase name="testCase2" classname="com.coen448.RegressionTest" time="0.002">
    <system-out><![CDATA[Cannot move that far in this direction
&amp#27;[35m (9) &amp#27;[0m -  -  -  -  -  -  -  -  -  - 
&amp#27;[35m (8) &amp#27;[0m -  -  -  -  -  -  -  -  -  - 
&amp#27;[35m (7) &amp#27;[0m -  -  -  -  -  -  -  -  -  - 
&amp#27;[35m (6) &amp#27;[0m -  -  -  -  -  -  -  -  -  - 
&amp#27;[35m (5) &amp#27;[0m -  -  -  -  -  -  -  -  -  - 
&amp#27;[35m (4) &amp#27;[0m -  -  -  -  -  -  -  -  -  - 
&amp#27;[35m (3) &amp#27;[0m -  -  -  -  -  -  -  -  -  - 
&amp#27;[35m (2) &amp#27;[0m -  -  -  -  -  -  -  -  -  - 
&amp#27;[35m (1) &amp#27;[0m -  -  -  -  -  -  -  -  -  - 
&amp#27;[35m (0) &amp#27;[0m -  -  -  -  -  -  -  -  -  - 
     &amp#27;[35m(0)&amp#27;[0m&amp#27;[35m(1)&amp#27;[0m&amp#27;[35m(2)&amp#27;[0m&amp#27;[35m(3)&amp#27;[0m&amp#27;[35m(4)&amp#27;[0m&amp#27;[35m(5)&amp#27;[0m&amp#27;[35m(6)&amp#27;[0m&amp#27;[35m(7)&amp#27;[0m&amp#27;[35m(8)&amp#27;[0m&amp#27;[35m(9)&amp#27;[0m
Position: 0, 2 - Pen: Down - Facing: EAST
]]></system-out>
  </testcase>
  <testcase name="testCase3" classname="com.coen448.RegressionTest" time="0.002">
    <system-out><![CDATA[Cannot move that far in this direction
&amp#27;[35m (9) &amp#27;[0m -  -  -  -  -  -  -  -  -  - 
&amp#27;[35m (8) &amp#27;[0m -  -  -  -  -  -  -  -  -  - 
&amp#27;[35m (7) &amp#27;[0m -  -  -  -  -  -  -  -  -  - 
&amp#27;[35m (6) &amp#27;[0m -  -  -  -  -  -  -  -  -  - 
&amp#27;[35m (5) &amp#27;[0m -  -  -  -  -  -  -  -  -  - 
&amp#27;[35m (4) &amp#27;[0m -  -  -  -  -  -  -  -  -  - 
&amp#27;[35m (3) &amp#27;[0m -  -  -  -  -  -  -  -  -  - 
&amp#27;[35m (2) &amp#27;[0m -  -  -  -  -  -  -  -  -  - 
&amp#27;[35m (1) &amp#27;[0m -  -  -  -  -  -  -  -  -  - 
&amp#27;[35m (0) &amp#27;[0m -  -  -  -  -  -  -  -  -  - 
     &amp#27;[35m(0)&amp#27;[0m&amp#27;[35m(1)&amp#27;[0m&amp#27;[35m(2)&amp#27;[0m&amp#27;[35m(3)&amp#27;[0m&amp#27;[35m(4)&amp#27;[0m&amp#27;[35m(5)&amp#27;[0m&amp#27;[35m(6)&amp#27;[0m&amp#27;[35m(7)&amp#27;[0m&amp#27;[35m(8)&amp#27;[0m&amp#27;[35m(9)&amp#27;[0m
Position: 0, 3 - Pen: Down - Facing: WEST
]]></system-out>
  </testcase>
  <testcase name="testCase4" classname="com.coen448.RegressionTest" time="0.002">
    <system-out><![CDATA[Cannot move that far in this direction
&amp#27;[35m (9) &amp#27;[0m -  -  -  -  -  -  -  -  -  - 
&amp#27;[35m (8) &amp#27;[0m -  -  -  -  -  -  -  -  -  - 
&amp#27;[35m (7) &amp#27;[0m -  -  -  -  -  -  -  -  -  - 
&amp#27;[35m (6) &amp#27;[0m -  -  -  -  -  -  -  -  -  - 
&amp#27;[35m (5) &amp#27;[0m -  -  -  -  -  -  -  -  -  - 
&amp#27;[35m (4) &amp#27;[0m -  -  -  -  -  -  -  -  -  - 
&amp#27;[35m (3) &amp#27;[0m -  -  -  -  -  -  -  -  -  - 
&amp#27;[35m (2) &amp#27;[0m -  -  -  -  -  -  -  -  -  - 
&amp#27;[35m (1) &amp#27;[0m -  -  -  -  -  -  -  -  -  - 
&amp#27;[35m (0) &amp#27;[0m -  -  -  -  -  -  -  -  -  - 
     &amp#27;[35m(0)&amp#27;[0m&amp#27;[35m(1)&amp#27;[0m&amp#27;[35m(2)&amp#27;[0m&amp#27;[35m(3)&amp#27;[0m&amp#27;[35m(4)&amp#27;[0m&amp#27;[35m(5)&amp#27;[0m&amp#27;[35m(6)&amp#27;[0m&amp#27;[35m(7)&amp#27;[0m&amp#27;[35m(8)&amp#27;[0m&amp#27;[35m(9)&amp#27;[0m
Position: 0, 4 - Pen: Down - Facing: NORTH
]]></system-out>
  </testcase>
  <testcase name="testCase5" classname="com.coen448.RegressionTest" time="0.002">
    <system-out><![CDATA[Cannot move that far in this direction
&amp#27;[35m (9) &amp#27;[0m -  -  -  -  -  -  -  -  -  - 
&amp#27;[35m (8) &amp#27;[0m -  -  -  -  -  -  -  -  -  - 
&amp#27;[35m (7) &amp#27;[0m -  -  -  -  -  -  -  -  -  - 
&amp#27;[35m (6) &amp#27;[0m -  -  -  -  -  -  -  -  -  - 
&amp#27;[35m (5) &amp#27;[0m -  -  -  -  -  -  -  -  -  - 
&amp#27;[35m (4) &amp#27;[0m -  -  -  -  -  -  -  -  -  - 
&amp#27;[35m (3) &amp#27;[0m -  -  -  -  -  -  -  -  -  - 
&amp#27;[35m (2) &amp#27;[0m -  -  -  -  -  -  -  -  -  - 
&amp#27;[35m (1) &amp#27;[0m -  -  -  -  -  -  -  -  -  - 
&amp#27;[35m (0) &amp#27;[0m -  -  -  -  -  -  -  -  -  - 
     &amp#27;[35m(0)&amp#27;[0m&amp#27;[35m(1)&amp#27;[0m&amp#27;[35m(2)&amp#27;[0m&amp#27;[35m(3)&amp#27;[0m&amp#27;[35m(4)&amp#27;[0m&amp#27;[35m(5)&amp#27;[0m&amp#27;[35m(6)&amp#27;[0m&amp#27;[35m(7)&amp#27;[0m&amp#27;[35m(8)&amp#27;[0m&amp#27;[35m(9)&amp#27;[0m
Position: 0, 5 - Pen: Down - Facing: SOUTH
]]></system-out>
  </testcase>
  <testcase name="testCase6" classname="com.coen448.RegressionTest" time="0.001"/>
  <testcase name="testCase7" classname="com.coen448.RegressionTest" time="0.001"/>
  <testcase name="testCase8" classname="com.coen448.RegressionTest" time="0.002"/>
  <testcase name="testCase9" classname="com.coen448.RegressionTest" time="0.002">
    <system-out><![CDATA[Position: 0, 0 - Pen: Up - Facing: NORTH
]]></system-out>
  </testcase>
  <testcase name="testCase10" classname="com.coen448.RegressionTest" time="0.002">
    <system-out><![CDATA[&amp#27;[35m (9) &amp#27;[0m -  -  -  -  -  -  -  -  -  - 
&amp#27;[35m (8) &amp#27;[0m -  -  -  -  -  -  -  -  -  - 
&amp#27;[35m (7) &amp#27;[0m -  -  -  -  -  -  -  -  -  - 
&amp#27;[35m (6) &amp#27;[0m -  -  -  -  -  -  -  -  -  - 
&amp#27;[35m (5) &amp#27;[0m -  -  -  -  -  -  -  -  -  - 
&amp#27;[35m (4) &amp#27;[0m -  -  -  -  -  -  -  -  -  - 
&amp#27;[35m (3) &amp#27;[0m -  -  -  -  -  -  -  -  -  - 
&amp#27;[35m (2) &amp#27;[0m -  -  -  -  -  -  -  -  -  - 
&amp#27;[35m (1) &amp#27;[0m -  -  -  -  -  -  -  -  -  - 
&amp#27;[35m (0) &amp#27;[0m -  -  -  -  -  -  -  -  -  - 
     &amp#27;[35m(0)&amp#27;[0m&amp#27;[35m(1)&amp#27;[0m&amp#27;[35m(2)&amp#27;[0m&amp#27;[35m(3)&amp#27;[0m&amp#27;[35m(4)&amp#27;[0m&amp#27;[35m(5)&amp#27;[0m&amp#27;[35m(6)&amp#27;[0m&amp#27;[35m(7)&amp#27;[0m&amp#27;[35m(8)&amp#27;[0m&amp#27;[35m(9)&amp#27;[0m
]]></system-out>
  </testcase>
  <testcase name="testCase11" classname="com.coen448.RegressionTest" time="0.002"/>
  <testcase name="testCase12" classname="com.coen448.RegressionTest" time="0.001"/>
</testsuite>