<?xml version="1.0" encoding="UTF-8"?>
<testsuite xmlns:xsi="http://www.w3.org/2001/XMLSchema-instance" xsi:noNamespaceSchemaLocation="https://maven.apache.org/surefire/maven-surefire-plugin/xsd/surefire-test-report-3.0.xsd" version="3.0" name="com.coen448.RobotTest" time="0.096" tests="10" errors="0" skipped="0" failures="0">
  <properties>
[...]
</properties>
  <testcase name="checkPathcoverage2" classname="com.coen448.RobotTest" time="0.041">
    <system-out><![CDATA[Should Print Before All Tests
]]></system-out>
  </testcase>
  <testcase name="checkPathcoverage3" classname="com.coen448.RobotTest" time="0.002"/>
  <testcase name="checkturnLeft" classname="com.coen448.RobotTest" time="0.001"/>
  <testcase name="checkPendown" classname="com.coen448.RobotTest" time="0.002"/>
  <testcase name="checkturnRight" classname="com.coen448.RobotTest" time="0"/>
  <testcase name="shouldCreateInit" classname="com.coen448.RobotTest" time="0.006"/>
  <testcase name="checkPrintInfo" classname="com.coen448.RobotTest" time="0.001">
    <system-out><![CDATA[Cannot move that far in this direction
]]></system-out>
  </testcase>
  <testcase name="shouldcheckPen" classname="com.coen448.RobotTest" time="0.001"/>
  <testcase name="checkMove" classname="com.coen448.RobotTest" time="0">
    <system-out><![CDATA[Cannot move that far in this direction
]]></system-out>
  </testcase>
  <testcase name="checkPrintFloor" classname="com.coen448.RobotTest" time="0.001"/>
</testsuite>